2024-09-12 21:41:55 INFO  org.orangehrmautomation.base.Base - Extent Report setup complete.
2024-09-12 21:41:55 INFO  org.orangehrmautomation.base.Base - Test registered: failedLogin
2024-09-12 21:43:57 INFO  org.orangehrmautomation.base.Base - Extent Report setup complete.
2024-09-12 21:43:57 INFO  org.orangehrmautomation.base.Base - Test registered: failedLogin
2024-09-12 21:44:26 INFO  org.orangehrmautomation.base.Base - Extent Report setup complete.
2024-09-12 21:44:26 INFO  org.orangehrmautomation.base.Base - Test registered: failedLogin
2024-09-12 21:44:36 INFO  org.orangehrmautomation.base.Base - Chrome Driver Setup complete.
2024-09-12 21:44:42 INFO  org.orangehrmautomation.base.Base - Test passed: failedLogin
2024-09-12 22:11:14 INFO  org.orangehrmautomation.base.Base - Extent Report setup complete.
2024-09-12 22:11:17 INFO  org.orangehrmautomation.base.Base - Chrome Driver Setup complete.
2024-09-12 22:11:22 INFO  org.orangehrmautomation.base.Base - Flushing extent-report
2024-09-12 22:20:31 INFO  org.orangehrmautomation.base.Base - Extent Report setup complete.
2024-09-12 22:20:33 INFO  org.orangehrmautomation.base.Base - Chrome Driver Setup complete.
2024-09-12 22:20:39 INFO  org.orangehrmautomation.base.Base - Driver closed after test.
2024-09-12 22:20:40 INFO  org.orangehrmautomation.base.Base - Flushing extent-report
2024-09-12 22:23:31 INFO  org.orangehrmautomation.base.Base - Extent Report setup complete.
2024-09-12 22:23:33 INFO  org.orangehrmautomation.base.Base - Chrome Driver Setup complete.
2024-09-12 22:23:38 INFO  org.orangehrmautomation.base.Base - Driver closed after test.
2024-09-12 22:23:39 INFO  org.orangehrmautomation.base.Base - Flushing extent-report
2024-09-12 22:36:08 INFO  org.orangehrmautomation.base.Base - Extent Report setup complete.
2024-09-12 22:36:11 INFO  org.orangehrmautomation.base.Base - Chrome Driver Setup complete.
2024-09-12 22:36:14 INFO  org.orangehrmautomation.base.Base - Driver closed after test.
2024-09-12 22:36:14 INFO  org.orangehrmautomation.base.Base - Flushing extent-report
2024-09-12 22:36:36 INFO  org.orangehrmautomation.base.Base - Extent Report setup complete.
2024-09-12 22:36:38 INFO  org.orangehrmautomation.base.Base - Chrome Driver Setup complete.
2024-09-12 22:36:42 INFO  org.orangehrmautomation.base.Base - Driver closed after test.
2024-09-12 22:36:42 INFO  org.orangehrmautomation.base.Base - Flushing extent-report
2024-09-12 23:07:57 INFO  org.orangehrmautomation.base.Base - Extent Report setup complete.
2024-09-12 23:08:00 INFO  org.orangehrmautomation.base.Base - Chrome Driver Setup complete.
2024-09-12 23:08:04 INFO  org.orangehrmautomation.base.Base - Driver closed after test.
2024-09-12 23:08:04 INFO  org.orangehrmautomation.base.Base - Flushing extent-report
2024-09-12 23:09:21 INFO  org.orangehrmautomation.base.Base - Extent Report setup complete.
2024-09-12 23:09:23 INFO  org.orangehrmautomation.base.Base - Chrome Driver Setup complete.
2024-09-12 23:09:26 INFO  org.orangehrmautomation.base.Base - Driver closed after test.
2024-09-12 23:09:27 INFO  org.orangehrmautomation.base.Base - Flushing extent-report
